<?xml version="1.0" encoding="UTF-8"?>
<!-- Generated by org.testng.reporters.JUnitReportReporter -->
<testsuite hostname="LENOVO-PC" failures="0" tests="1" name="com.Framework.API.tests.TestPOSTPosts" time="3.370" errors="0" timestamp="2022-08-05T15:30:01 IST" skipped="0">
  <testcase classname="com.Framework.API.tests.TestPOSTPosts" name="testPOSTCreatePosts" time="3.370"/>
  <system-out/>
</testsuite> <!-- com.Framework.API.tests.TestPOSTPosts -->
