<?xml version="1.0" encoding="UTF-8"?>
<!-- Generated by org.testng.reporters.JUnitReportReporter -->
<testsuite hostname="LENOVO-PC" failures="0" tests="1" name="com.Framework.API.tests.TestDELETEPosts" time="1.855" errors="0" timestamp="2022-08-05T15:34:31 IST" skipped="0">
  <testcase classname="com.Framework.API.tests.TestDELETEPosts" name="testDeletePosts" time="1.855"/>
  <system-out/>
</testsuite> <!-- com.Framework.API.tests.TestDELETEPosts -->
