<?xml version="1.0" encoding="UTF-8"?>
<!-- Generated by org.testng.reporters.JUnitReportReporter -->
<testsuite hostname="LENOVO-PC" failures="0" tests="1" name="com.Framework.API.tests.TestGETPosts" time="2.175" errors="0" timestamp="2022-08-05T15:32:53 IST" skipped="0">
  <testcase classname="com.Framework.API.tests.TestGETPosts" name="testGetAllPosts" time="2.175"/>
  <system-out/>
</testsuite> <!-- com.Framework.API.tests.TestGETPosts -->
