<?xml version="1.0" encoding="UTF-8"?>
<!-- Generated by org.testng.reporters.JUnitReportReporter -->
<testsuite hostname="LENOVO-PC" failures="0" tests="1" name="com.Framework.API.tests.TestPATCHPosts" time="3.229" errors="0" timestamp="2022-08-05T15:32:37 IST" skipped="0">
  <testcase classname="com.Framework.API.tests.TestPATCHPosts" name="testPATCHPosts" time="3.229"/>
  <system-out/>
</testsuite> <!-- com.Framework.API.tests.TestPATCHPosts -->
